<?xml version="1.0" encoding="UTF-8"?>
<testsuite name="bundle_calculator.CalculatorTest" tests="3" skipped="0" failures="0" errors="0" timestamp="2021-12-20T04:33:23" hostname="mindeAir.modem" time="0.07">
  <properties/>
  <testcase name="testGetImgBundle()" classname="bundle_calculator.CalculatorTest" time="0.045"/>
  <testcase name="testGetBundle()" classname="bundle_calculator.CalculatorTest" time="0.004"/>
  <testcase name="testExceptionIsThrown()" classname="bundle_calculator.CalculatorTest" time="0.007"/>
  <system-out><![CDATA[]]></system-out>
  <system-err><![CDATA[]]></system-err>
</testsuite>
